2025-02-25 18:36:15,945 [Worker-4: Loading available Gradle versions] INFO  o.e.b.c.i.u.g.PublishedGradleVersions - Gradle version information cache is not available. Remote download required.
2025-02-25 18:39:45,732 [Worker-22: Update Maven projects configuration] INFO  o.e.m.c.i.p.ProjectConfigurationManager - Update started
2025-02-25 18:39:47,160 [Worker-22: Update Maven projects configuration] INFO  o.e.m.c.i.l.LifecycleMappingFactory - Using org.eclipse.m2e.jdt.JarLifecycleMapping lifecycle mapping for MavenProject: com.study:sping-boot-rest:0.0.1-SNAPSHOT @ D:\course\Java Spring Framework 6 with Spring Boot 3\REST using Spring Boot\sping-boot-rest\pom.xml.
2025-02-25 18:39:48,744 [Worker-22: Update Maven projects configuration] INFO  o.e.m.j.i.AbstractJavaProjectConfigurator - Adding source folder /sping-boot-rest/src/main/java
2025-02-25 18:39:48,745 [Worker-22: Update Maven projects configuration] INFO  o.e.m.j.i.AbstractJavaProjectConfigurator - Adding resource folder /sping-boot-rest/src/main/resources
2025-02-25 18:39:48,757 [Worker-22: Update Maven projects configuration] INFO  o.e.m.j.i.AbstractJavaProjectConfigurator - Adding resource folder /sping-boot-rest/src/main/resources
2025-02-25 18:39:48,769 [Worker-22: Update Maven projects configuration] INFO  o.e.m.j.i.AbstractJavaProjectConfigurator - Adding source folder /sping-boot-rest/src/test/java
2025-02-25 18:39:48,770 [Worker-22: Update Maven projects configuration] INFO  o.e.m.j.i.AbstractJavaProjectConfigurator - Adding resource folder /sping-boot-rest/src/test/resources
2025-02-25 18:39:50,468 [Worker-22: Update Maven projects configuration] INFO  o.e.m.c.i.p.ProjectConfigurationManager - Update completed for 1 poms: local refresh takes 0.00 sec, refresh facades takes 2.00 sec, update config takes 2.00 sec 
2025-02-25 18:39:50,971 [Worker-11: Building] INFO  o.a.m.s.f.DefaultMavenResourcesFiltering - Copying 1 resource from src\main\resources to target\classes
2025-02-25 18:39:50,995 [Worker-11: Building] INFO  o.a.m.s.f.DefaultMavenResourcesFiltering - Copying 0 resource from src\main\resources to target\classes
2025-02-25 18:39:51,005 [Worker-11: Building] INFO  o.a.m.s.f.DefaultMavenResourcesFiltering - skip non existing resourceDirectory D:\course\Java Spring Framework 6 with Spring Boot 3\REST using Spring Boot\sping-boot-rest\src\test\resources
2025-02-25 18:40:51,200 [Worker-21: Building] INFO  o.e.m.c.i.l.LifecycleMappingFactory - Using org.eclipse.m2e.jdt.JarLifecycleMapping lifecycle mapping for MavenProject: com.study:JobApp:0.0.1-SNAPSHOT @ D:\course\Java Spring Framework 6 with Spring Boot 3\Spring Boot\JobApp\pom.xml.
2025-02-25 18:40:53,716 [Worker-21: Building] INFO  o.a.m.s.f.DefaultMavenResourcesFiltering - Copying 1 resource from src\main\resources to target\classes
2025-02-25 18:40:53,739 [Worker-21: Building] INFO  o.a.m.s.f.DefaultMavenResourcesFiltering - Copying 0 resource from src\main\resources to target\classes
2025-02-25 18:40:53,747 [Worker-21: Building] INFO  o.a.m.s.f.DefaultMavenResourcesFiltering - skip non existing resourceDirectory D:\course\Java Spring Framework 6 with Spring Boot 3\Spring Boot\JobApp\src\test\resources
2025-02-25 18:40:57,424 [Worker-24: Updating Maven Dependencies] INFO  o.e.m.c.i.l.LifecycleMappingFactory - Using org.eclipse.m2e.jdt.JarLifecycleMapping lifecycle mapping for MavenProject: com.study:JobApp:0.0.1-SNAPSHOT @ D:\course\Java Spring Framework 6 with Spring Boot 3\Spring Boot\JobApp\pom.xml.
2025-02-25 18:40:57,814 [Worker-11: Building] INFO  o.a.m.s.f.DefaultMavenResourcesFiltering - Copying 1 resource from src\main\resources to target\classes
2025-02-25 18:40:57,872 [Worker-11: Building] INFO  o.a.m.s.f.DefaultMavenResourcesFiltering - Copying 0 resource from src\main\resources to target\classes
2025-02-25 18:40:57,915 [Worker-11: Building] INFO  o.a.m.s.f.DefaultMavenResourcesFiltering - skip non existing resourceDirectory D:\course\Java Spring Framework 6 with Spring Boot 3\Spring Boot\JobApp\src\test\resources
2025-02-25 18:41:47,735 [Worker-25: Building] INFO  o.a.m.s.f.DefaultMavenResourcesFiltering - Copying 1 resource from src\main\resources to target\classes
2025-02-25 18:41:47,772 [Worker-25: Building] INFO  o.a.m.s.f.DefaultMavenResourcesFiltering - Copying 0 resource from src\main\resources to target\classes
2025-02-25 18:41:47,780 [Worker-25: Building] INFO  o.a.m.s.f.DefaultMavenResourcesFiltering - skip non existing resourceDirectory D:\course\Java Spring Framework 6 with Spring Boot 3\REST using Spring Boot\sping-boot-rest\src\test\resources
2025-02-25 18:42:30,373 [Worker-11: Building] INFO  o.a.m.s.f.DefaultMavenResourcesFiltering - Copying 1 resource from src\main\resources to target\classes
2025-02-25 18:42:30,381 [Worker-11: Building] INFO  o.a.m.s.f.DefaultMavenResourcesFiltering - Copying 0 resource from src\main\resources to target\classes
2025-02-25 18:42:30,385 [Worker-11: Building] INFO  o.a.m.s.f.DefaultMavenResourcesFiltering - skip non existing resourceDirectory D:\course\Java Spring Framework 6 with Spring Boot 3\REST using Spring Boot\sping-boot-rest\src\test\resources
2025-02-25 18:44:38,030 [Worker-24: Building] INFO  o.a.m.s.f.DefaultMavenResourcesFiltering - Copying 1 resource from src\main\resources to target\classes
2025-02-25 18:44:38,037 [Worker-24: Building] INFO  o.a.m.s.f.DefaultMavenResourcesFiltering - Copying 0 resource from src\main\resources to target\classes
2025-02-25 18:44:38,040 [Worker-24: Building] INFO  o.a.m.s.f.DefaultMavenResourcesFiltering - skip non existing resourceDirectory D:\course\Java Spring Framework 6 with Spring Boot 3\REST using Spring Boot\sping-boot-rest\src\test\resources
2025-02-25 18:44:59,342 [Worker-23: Building] INFO  o.a.m.s.f.DefaultMavenResourcesFiltering - Copying 1 resource from src\main\resources to target\classes
2025-02-25 18:44:59,348 [Worker-23: Building] INFO  o.a.m.s.f.DefaultMavenResourcesFiltering - Copying 0 resource from src\main\resources to target\classes
2025-02-25 18:44:59,352 [Worker-23: Building] INFO  o.a.m.s.f.DefaultMavenResourcesFiltering - skip non existing resourceDirectory D:\course\Java Spring Framework 6 with Spring Boot 3\REST using Spring Boot\sping-boot-rest\src\test\resources
2025-02-25 18:45:12,977 [Worker-28: Building] INFO  o.a.m.s.f.DefaultMavenResourcesFiltering - Copying 1 resource from src\main\resources to target\classes
2025-02-25 18:45:12,984 [Worker-28: Building] INFO  o.a.m.s.f.DefaultMavenResourcesFiltering - Copying 0 resource from src\main\resources to target\classes
2025-02-25 18:45:12,988 [Worker-28: Building] INFO  o.a.m.s.f.DefaultMavenResourcesFiltering - skip non existing resourceDirectory D:\course\Java Spring Framework 6 with Spring Boot 3\REST using Spring Boot\sping-boot-rest\src\test\resources
2025-02-25 18:52:12,529 [Worker-25: Building] INFO  o.a.m.s.f.DefaultMavenResourcesFiltering - Copying 1 resource from src\main\resources to target\classes
2025-02-25 18:52:12,535 [Worker-25: Building] INFO  o.a.m.s.f.DefaultMavenResourcesFiltering - Copying 0 resource from src\main\resources to target\classes
2025-02-25 18:52:12,540 [Worker-25: Building] INFO  o.a.m.s.f.DefaultMavenResourcesFiltering - skip non existing resourceDirectory D:\course\Java Spring Framework 6 with Spring Boot 3\REST using Spring Boot\sping-boot-rest\src\test\resources
2025-02-25 18:53:14,398 [Worker-29: Building] INFO  o.a.m.s.f.DefaultMavenResourcesFiltering - Copying 1 resource from src\main\resources to target\classes
2025-02-25 18:53:14,404 [Worker-29: Building] INFO  o.a.m.s.f.DefaultMavenResourcesFiltering - Copying 0 resource from src\main\resources to target\classes
2025-02-25 18:53:14,408 [Worker-29: Building] INFO  o.a.m.s.f.DefaultMavenResourcesFiltering - skip non existing resourceDirectory D:\course\Java Spring Framework 6 with Spring Boot 3\REST using Spring Boot\sping-boot-rest\src\test\resources
2025-02-25 18:53:32,852 [Worker-30: Building] INFO  o.a.m.s.f.DefaultMavenResourcesFiltering - Copying 1 resource from src\main\resources to target\classes
2025-02-25 18:53:32,861 [Worker-30: Building] INFO  o.a.m.s.f.DefaultMavenResourcesFiltering - Copying 0 resource from src\main\resources to target\classes
2025-02-25 18:53:32,866 [Worker-30: Building] INFO  o.a.m.s.f.DefaultMavenResourcesFiltering - skip non existing resourceDirectory D:\course\Java Spring Framework 6 with Spring Boot 3\REST using Spring Boot\sping-boot-rest\src\test\resources
2025-02-25 18:54:42,236 [Worker-26: Building] INFO  o.a.m.s.f.DefaultMavenResourcesFiltering - Copying 1 resource from src\main\resources to target\classes
2025-02-25 18:54:42,240 [Worker-26: Building] INFO  o.a.m.s.f.DefaultMavenResourcesFiltering - Copying 0 resource from src\main\resources to target\classes
2025-02-25 18:54:42,243 [Worker-26: Building] INFO  o.a.m.s.f.DefaultMavenResourcesFiltering - skip non existing resourceDirectory D:\course\Java Spring Framework 6 with Spring Boot 3\REST using Spring Boot\sping-boot-rest\src\test\resources
2025-02-25 18:54:46,379 [Worker-30: Building] INFO  o.a.m.s.f.DefaultMavenResourcesFiltering - Copying 1 resource from src\main\resources to target\classes
2025-02-25 18:54:46,386 [Worker-30: Building] INFO  o.a.m.s.f.DefaultMavenResourcesFiltering - Copying 0 resource from src\main\resources to target\classes
2025-02-25 18:54:46,389 [Worker-30: Building] INFO  o.a.m.s.f.DefaultMavenResourcesFiltering - skip non existing resourceDirectory D:\course\Java Spring Framework 6 with Spring Boot 3\REST using Spring Boot\sping-boot-rest\src\test\resources
2025-02-25 19:00:27,497 [Worker-32: Launching sping-boot-rest - SpingBootRestApplication] INFO  o.a.m.s.f.DefaultMavenResourcesFiltering - Copying 1 resource from src\main\resources to target\classes
2025-02-25 19:00:27,508 [Worker-32: Launching sping-boot-rest - SpingBootRestApplication] INFO  o.a.m.s.f.DefaultMavenResourcesFiltering - Copying 0 resource from src\main\resources to target\classes
2025-02-25 19:00:27,517 [Worker-32: Launching sping-boot-rest - SpingBootRestApplication] INFO  o.a.m.s.f.DefaultMavenResourcesFiltering - skip non existing resourceDirectory D:\course\Java Spring Framework 6 with Spring Boot 3\REST using Spring Boot\sping-boot-rest\src\test\resources
2025-02-25 19:02:07,983 [Worker-37: Building] INFO  o.a.m.s.f.DefaultMavenResourcesFiltering - Copying 1 resource from src\main\resources to target\classes
2025-02-25 19:02:07,987 [Worker-37: Building] INFO  o.a.m.s.f.DefaultMavenResourcesFiltering - Copying 0 resource from src\main\resources to target\classes
2025-02-25 19:02:07,990 [Worker-37: Building] INFO  o.a.m.s.f.DefaultMavenResourcesFiltering - skip non existing resourceDirectory D:\course\Java Spring Framework 6 with Spring Boot 3\REST using Spring Boot\sping-boot-rest\src\test\resources
2025-02-25 19:04:13,137 [Worker-32: Building] INFO  o.a.m.s.f.DefaultMavenResourcesFiltering - Copying 1 resource from src\main\resources to target\classes
2025-02-25 19:04:13,148 [Worker-32: Building] INFO  o.a.m.s.f.DefaultMavenResourcesFiltering - Copying 0 resource from src\main\resources to target\classes
2025-02-25 19:04:13,153 [Worker-32: Building] INFO  o.a.m.s.f.DefaultMavenResourcesFiltering - skip non existing resourceDirectory D:\course\Java Spring Framework 6 with Spring Boot 3\REST using Spring Boot\sping-boot-rest\src\test\resources
2025-02-25 19:04:18,133 [Worker-32: Building] INFO  o.a.m.s.f.DefaultMavenResourcesFiltering - Copying 1 resource from src\main\resources to target\classes
2025-02-25 19:04:18,139 [Worker-32: Building] INFO  o.a.m.s.f.DefaultMavenResourcesFiltering - Copying 0 resource from src\main\resources to target\classes
2025-02-25 19:04:18,142 [Worker-32: Building] INFO  o.a.m.s.f.DefaultMavenResourcesFiltering - skip non existing resourceDirectory D:\course\Java Spring Framework 6 with Spring Boot 3\REST using Spring Boot\sping-boot-rest\src\test\resources
2025-02-25 20:24:14,501 [Worker-55: Building] INFO  o.a.m.s.f.DefaultMavenResourcesFiltering - Copying 1 resource from src\main\resources to target\classes
2025-02-25 20:24:14,561 [Worker-55: Building] INFO  o.a.m.s.f.DefaultMavenResourcesFiltering - Copying 0 resource from src\main\resources to target\classes
2025-02-25 20:24:14,569 [Worker-55: Building] INFO  o.a.m.s.f.DefaultMavenResourcesFiltering - skip non existing resourceDirectory D:\course\Java Spring Framework 6 with Spring Boot 3\REST using Spring Boot\sping-boot-rest\src\test\resources
